This file contains any messages produced by compilers while
running configure, to aid debugging if configure makes a mistake.

It was created by src configure 0.9.31, which was
generated by GNU Autoconf 2.61.  Invocation command line was

  $ ./configure --prefix=/usr

## --------- ##
## Platform. ##
## --------- ##

hostname = ham
uname -m = x86_64
uname -r = 2.6.31-gentoo-r6
uname -s = Linux
uname -v = #3 SMP Thu Dec 17 18:40:24 CET 2009

/usr/bin/uname -p = Intel(R) Core(TM)2 Quad CPU Q9400 @ 2.66GHz
/bin/uname -X     = unknown

/bin/arch              = unknown
/usr/bin/arch -k       = unknown
/usr/convex/getsysinfo = unknown
/usr/bin/hostinfo      = unknown
/bin/machine           = unknown
/usr/bin/oslevel       = unknown
/bin/universe          = unknown

PATH: /usr/local/bin
PATH: /usr/bin
PATH: /bin
PATH: /opt/bin
PATH: /usr/x86_64-pc-linux-gnu/gcc-bin/4.3.4
PATH: /usr/qt/3/bin
PATH: /usr/games/bin


## ----------- ##
## Core tests. ##
## ----------- ##

configure:1786: checking for a BSD-compatible install
configure:1842: result: /usr/bin/install -c
configure:1853: checking whether build environment is sane
configure:1896: result: yes
configure:1961: checking for gawk
configure:1977: found /usr/bin/gawk
configure:1988: result: gawk
configure:1999: checking whether make sets $(MAKE)
configure:2020: result: yes
configure:2256: checking for gcc
configure:2272: found /usr/bin/gcc
configure:2283: result: gcc
configure:2521: checking for C compiler version
configure:2528: gcc --version >&5
gcc (Gentoo 4.3.4 p1.0, pie-10.1.5) 4.3.4
Copyright (C) 2008 Free Software Foundation, Inc.
This is free software; see the source for copying conditions.  There is NO
warranty; not even for MERCHANTABILITY or FITNESS FOR A PARTICULAR PURPOSE.

configure:2531: $? = 0
configure:2538: gcc -v >&5
Using built-in specs.
Target: x86_64-pc-linux-gnu
Configured with: /var/tmp/portage/sys-devel/gcc-4.3.4/work/gcc-4.3.4/configure --prefix=/usr --bindir=/usr/x86_64-pc-linux-gnu/gcc-bin/4.3.4 --includedir=/usr/lib/gcc/x86_64-pc-linux-gnu/4.3.4/include --datadir=/usr/share/gcc-data/x86_64-pc-linux-gnu/4.3.4 --mandir=/usr/share/gcc-data/x86_64-pc-linux-gnu/4.3.4/man --infodir=/usr/share/gcc-data/x86_64-pc-linux-gnu/4.3.4/info --with-gxx-include-dir=/usr/lib/gcc/x86_64-pc-linux-gnu/4.3.4/include/g++-v4 --host=x86_64-pc-linux-gnu --build=x86_64-pc-linux-gnu --disable-altivec --disable-fixed-point --enable-nls --without-included-gettext --with-system-zlib --disable-checking --disable-werror --enable-secureplt --enable-multilib --enable-libmudflap --disable-libssp --enable-libgomp --disable-libgcj --enable-languages=c,c++,treelang,fortran --enable-shared --enable-threads=posix --enable-__cxa_atexit --enable-clocale=gnu --with-bugurl=http://bugs.gentoo.org/ --with-pkgversion='Gentoo 4.3.4 p1.0, pie-10.1.5'
Thread model: posix
gcc version 4.3.4 (Gentoo 4.3.4 p1.0, pie-10.1.5) 
configure:2541: $? = 0
configure:2548: gcc -V >&5
gcc: '-V' option must have argument
configure:2551: $? = 1
configure:2574: checking for C compiler default output file name
configure:2601: gcc -fprofile-arcs -ftest-coverage   conftest.c  >&5
configure:2604: $? = 0
configure:2642: result: a.out
configure:2659: checking whether the C compiler works
configure:2669: ./a.out
configure:2672: $? = 0
configure:2689: result: yes
configure:2696: checking whether we are cross compiling
configure:2698: result: no
configure:2701: checking for suffix of executables
configure:2708: gcc -o conftest -fprofile-arcs -ftest-coverage   conftest.c  >&5
configure:2711: $? = 0
configure:2735: result: 
configure:2741: checking for suffix of object files
configure:2767: gcc -c -fprofile-arcs -ftest-coverage  conftest.c >&5
configure:2770: $? = 0
configure:2793: result: o
configure:2797: checking whether we are using the GNU C compiler
configure:2826: gcc -c -fprofile-arcs -ftest-coverage  conftest.c >&5
configure:2832: $? = 0
configure:2849: result: yes
configure:2854: checking whether gcc accepts -g
configure:2884: gcc -c -g  conftest.c >&5
configure:2890: $? = 0
configure:2989: result: yes
configure:3006: checking for gcc option to accept ISO C89
configure:3080: gcc  -c -fprofile-arcs -ftest-coverage  conftest.c >&5
configure:3086: $? = 0
configure:3109: result: none needed
configure:3138: checking for style of include used by make
configure:3166: result: GNU
configure:3194: checking dependency style of gcc
configure:3284: result: gcc3
configure:3314: checking for a BSD-compatible install
configure:3370: result: /usr/bin/install -c
configure:3385: checking for gawk
configure:3412: result: gawk
configure:3431: checking how to run the C preprocessor
configure:3471: gcc -E  conftest.c
configure:3477: $? = 0
configure:3508: gcc -E  conftest.c
conftest.c:10:28: error: ac_nonexistent.h: No such file or directory
configure:3514: $? = 1
configure: failed program was:
| /* confdefs.h.  */
| #define PACKAGE_NAME "src"
| #define PACKAGE_TARNAME "src"
| #define PACKAGE_VERSION "0.9.31"
| #define PACKAGE_STRING "src 0.9.31"
| #define PACKAGE_BUGREPORT "rein@couperus.com"
| #define PACKAGE "tlf"
| #define VERSION "0.9.31"
| /* end confdefs.h.  */
| #include <ac_nonexistent.h>
configure:3547: result: gcc -E
configure:3576: gcc -E  conftest.c
configure:3582: $? = 0
configure:3613: gcc -E  conftest.c
conftest.c:10:28: error: ac_nonexistent.h: No such file or directory
configure:3619: $? = 1
configure: failed program was:
| /* confdefs.h.  */
| #define PACKAGE_NAME "src"
| #define PACKAGE_TARNAME "src"
| #define PACKAGE_VERSION "0.9.31"
| #define PACKAGE_STRING "src 0.9.31"
| #define PACKAGE_BUGREPORT "rein@couperus.com"
| #define PACKAGE "tlf"
| #define VERSION "0.9.31"
| /* end confdefs.h.  */
| #include <ac_nonexistent.h>
configure:3657: checking for grep that handles long lines and -e
configure:3731: result: /bin/grep
configure:3736: checking for egrep
configure:3814: result: /bin/grep -E
configure:3819: checking for ANSI C header files
configure:3849: gcc -c -fprofile-arcs -ftest-coverage  conftest.c >&5
configure:3855: $? = 0
configure:3954: gcc -o conftest -fprofile-arcs -ftest-coverage   conftest.c  >&5
configure:3957: $? = 0
configure:3963: ./conftest
configure:3966: $? = 0
configure:3983: result: yes
configure:4007: checking for sys/types.h
configure:4028: gcc -c -fprofile-arcs -ftest-coverage  conftest.c >&5
configure:4034: $? = 0
configure:4050: result: yes
configure:4007: checking for sys/stat.h
configure:4028: gcc -c -fprofile-arcs -ftest-coverage  conftest.c >&5
configure:4034: $? = 0
configure:4050: result: yes
configure:4007: checking for stdlib.h
configure:4028: gcc -c -fprofile-arcs -ftest-coverage  conftest.c >&5
configure:4034: $? = 0
configure:4050: result: yes
configure:4007: checking for string.h
configure:4028: gcc -c -fprofile-arcs -ftest-coverage  conftest.c >&5
configure:4034: $? = 0
configure:4050: result: yes
configure:4007: checking for memory.h
configure:4028: gcc -c -fprofile-arcs -ftest-coverage  conftest.c >&5
configure:4034: $? = 0
configure:4050: result: yes
configure:4007: checking for strings.h
configure:4028: gcc -c -fprofile-arcs -ftest-coverage  conftest.c >&5
configure:4034: $? = 0
configure:4050: result: yes
configure:4007: checking for inttypes.h
configure:4028: gcc -c -fprofile-arcs -ftest-coverage  conftest.c >&5
configure:4034: $? = 0
configure:4050: result: yes
configure:4007: checking for stdint.h
configure:4028: gcc -c -fprofile-arcs -ftest-coverage  conftest.c >&5
configure:4034: $? = 0
configure:4050: result: yes
configure:4007: checking for unistd.h
configure:4028: gcc -c -fprofile-arcs -ftest-coverage  conftest.c >&5
configure:4034: $? = 0
configure:4050: result: yes
configure:4081: checking fcntl.h usability
configure:4098: gcc -c -fprofile-arcs -ftest-coverage  conftest.c >&5
configure:4104: $? = 0
configure:4118: result: yes
configure:4122: checking fcntl.h presence
configure:4137: gcc -E  conftest.c
configure:4143: $? = 0
configure:4157: result: yes
configure:4190: checking for fcntl.h
configure:4198: result: yes
configure:4071: checking for stdlib.h
configure:4077: result: yes
configure:4071: checking for string.h
configure:4077: result: yes
configure:4081: checking sys/ioctl.h usability
configure:4098: gcc -c -fprofile-arcs -ftest-coverage  conftest.c >&5
configure:4104: $? = 0
configure:4118: result: yes
configure:4122: checking sys/ioctl.h presence
configure:4137: gcc -E  conftest.c
configure:4143: $? = 0
configure:4157: result: yes
configure:4190: checking for sys/ioctl.h
configure:4198: result: yes
configure:4071: checking for unistd.h
configure:4077: result: yes
configure:4214: checking for atan in -lm
configure:4249: gcc -o conftest -fprofile-arcs -ftest-coverage   conftest.c -lm   >&5
conftest.c:32: warning: conflicting types for built-in function 'atan'
configure:4255: $? = 0
configure:4273: result: yes
configure:4285: checking for pthread_create in -lpthread
configure:4320: gcc -o conftest -fprofile-arcs -ftest-coverage   conftest.c -lpthread  -lm  >&5
configure:4326: $? = 0
configure:4344: result: yes
configure:4361: checking build system type
configure:4379: result: x86_64-unknown-linux-gnu
configure:4401: checking host system type
configure:4416: result: x86_64-unknown-linux-gnu
configure:4583: checking for the pthreads library -lpthreads
configure:4626: gcc -o conftest -fprofile-arcs -ftest-coverage    conftest.c -lpthreads -lpthread -lm  >&5
/usr/lib/gcc/x86_64-pc-linux-gnu/4.3.4/../../../../x86_64-pc-linux-gnu/bin/ld: cannot find -lpthreads
collect2: ld returned 1 exit status
configure:4632: $? = 1
configure: failed program was:
| /* confdefs.h.  */
| #define PACKAGE_NAME "src"
| #define PACKAGE_TARNAME "src"
| #define PACKAGE_VERSION "0.9.31"
| #define PACKAGE_STRING "src 0.9.31"
| #define PACKAGE_BUGREPORT "rein@couperus.com"
| #define PACKAGE "tlf"
| #define VERSION "0.9.31"
| #define STDC_HEADERS 1
| #define HAVE_SYS_TYPES_H 1
| #define HAVE_SYS_STAT_H 1
| #define HAVE_STDLIB_H 1
| #define HAVE_STRING_H 1
| #define HAVE_MEMORY_H 1
| #define HAVE_STRINGS_H 1
| #define HAVE_INTTYPES_H 1
| #define HAVE_STDINT_H 1
| #define HAVE_UNISTD_H 1
| #define HAVE_FCNTL_H 1
| #define HAVE_STDLIB_H 1
| #define HAVE_STRING_H 1
| #define HAVE_SYS_IOCTL_H 1
| #define HAVE_UNISTD_H 1
| #define HAVE_LIBM 1
| #define HAVE_LIBPTHREAD 1
| /* end confdefs.h.  */
| #include <pthread.h>
| int
| main ()
| {
| pthread_t th; pthread_join(th, 0);
|                      pthread_attr_init(0); pthread_cleanup_push(0, 0);
|                      pthread_create(0,0,0,0); pthread_cleanup_pop(0);
|   ;
|   return 0;
| }
configure:4652: result: no
configure:4572: checking whether pthreads work without any flags
configure:4626: gcc -o conftest -fprofile-arcs -ftest-coverage    conftest.c  -lpthread -lm  >&5
configure:4632: $? = 0
configure:4652: result: yes
configure:4672: checking for joinable pthread attribute
configure:4695: gcc -o conftest -fprofile-arcs -ftest-coverage    conftest.c  -lpthread -lm  >&5
configure:4701: $? = 0
configure:4769: result: PTHREAD_CREATE_JOINABLE
configure:4776: checking if more special flags are required for pthreads
configure:4783: result: no
configure:4795: checking for cc_r
configure:4823: result: gcc
configure:4859: checking for initscr in -lncurses
configure:4894: gcc -o conftest -fprofile-arcs -ftest-coverage   conftest.c -lncurses  -lpthread -lm  >&5
configure:4900: $? = 0
configure:4918: result: yes
configure:5187: checking for pid_t
configure:5217: gcc -c -fprofile-arcs -ftest-coverage -Wall  conftest.c >&5
configure:5223: $? = 0
configure:5238: result: yes
configure:5250: checking for size_t
configure:5280: gcc -c -fprofile-arcs -ftest-coverage -Wall  conftest.c >&5
configure:5286: $? = 0
configure:5301: result: yes
configure:5313: checking whether struct tm is in sys/time.h or time.h
configure:5343: gcc -c -fprofile-arcs -ftest-coverage -Wall  conftest.c >&5
configure:5349: $? = 0
configure:5364: result: time.h
configure:5377: checking whether gcc needs -traditional
configure:5419: result: no
configure:5430: checking for strftime
configure:5486: gcc -o conftest -fprofile-arcs -ftest-coverage -Wall   conftest.c -lncurses -lpthread -lm  >&5
conftest.c:53: warning: conflicting types for built-in function 'strftime'
configure:5492: $? = 0
configure:5510: result: yes
configure:5600: checking for floor
configure:5656: gcc -o conftest -fprofile-arcs -ftest-coverage -Wall   conftest.c -lncurses -lpthread -lm  >&5
conftest.c:54: warning: conflicting types for built-in function 'floor'
configure:5662: $? = 0
configure:5680: result: yes
configure:5600: checking for sqrt
configure:5656: gcc -o conftest -fprofile-arcs -ftest-coverage -Wall   conftest.c -lncurses -lpthread -lm  >&5
conftest.c:55: warning: conflicting types for built-in function 'sqrt'
configure:5662: $? = 0
configure:5680: result: yes
configure:5600: checking for strchr
configure:5656: gcc -o conftest -fprofile-arcs -ftest-coverage -Wall   conftest.c -lncurses -lpthread -lm  >&5
conftest.c:56: warning: conflicting types for built-in function 'strchr'
configure:5662: $? = 0
configure:5680: result: yes
configure:5600: checking for strcspn
configure:5656: gcc -o conftest -fprofile-arcs -ftest-coverage -Wall   conftest.c -lncurses -lpthread -lm  >&5
conftest.c:57: warning: conflicting types for built-in function 'strcspn'
configure:5662: $? = 0
configure:5680: result: yes
configure:5600: checking for strspn
configure:5656: gcc -o conftest -fprofile-arcs -ftest-coverage -Wall   conftest.c -lncurses -lpthread -lm  >&5
conftest.c:58: warning: conflicting types for built-in function 'strspn'
configure:5662: $? = 0
configure:5680: result: yes
configure:5600: checking for strstr
configure:5656: gcc -o conftest -fprofile-arcs -ftest-coverage -Wall   conftest.c -lncurses -lpthread -lm  >&5
conftest.c:59: warning: conflicting types for built-in function 'strstr'
configure:5662: $? = 0
configure:5680: result: yes
configure:5821: creating ./config.status

## ---------------------- ##
## Running config.status. ##
## ---------------------- ##

This file was extended by src config.status 0.9.31, which was
generated by GNU Autoconf 2.61.  Invocation command line was

  CONFIG_FILES    = 
  CONFIG_HEADERS  = 
  CONFIG_LINKS    = 
  CONFIG_COMMANDS = 
  $ ./config.status 

on ham

config.status:650: creating Makefile
config.status:650: creating doc/Makefile
config.status:650: creating rules/Makefile
config.status:650: creating scripts/Makefile
config.status:650: creating share/Makefile
config.status:650: creating src/Makefile
config.status:650: creating tlf.1
config.status:650: creating config.h
config.status:888: config.h is unchanged
config.status:934: executing depfiles commands

## ---------------- ##
## Cache variables. ##
## ---------------- ##

ac_cv_build=x86_64-unknown-linux-gnu
ac_cv_c_compiler_gnu=yes
ac_cv_env_CC_set=
ac_cv_env_CC_value=
ac_cv_env_CFLAGS_set=set
ac_cv_env_CFLAGS_value='-fprofile-arcs -ftest-coverage'
ac_cv_env_CPPFLAGS_set=
ac_cv_env_CPPFLAGS_value=
ac_cv_env_CPP_set=
ac_cv_env_CPP_value=
ac_cv_env_LDFLAGS_set=
ac_cv_env_LDFLAGS_value=
ac_cv_env_LIBS_set=
ac_cv_env_LIBS_value=
ac_cv_env_build_alias_set=
ac_cv_env_build_alias_value=
ac_cv_env_host_alias_set=
ac_cv_env_host_alias_value=
ac_cv_env_target_alias_set=
ac_cv_env_target_alias_value=
ac_cv_func_floor=yes
ac_cv_func_sqrt=yes
ac_cv_func_strchr=yes
ac_cv_func_strcspn=yes
ac_cv_func_strftime=yes
ac_cv_func_strspn=yes
ac_cv_func_strstr=yes
ac_cv_header_fcntl_h=yes
ac_cv_header_inttypes_h=yes
ac_cv_header_memory_h=yes
ac_cv_header_stdc=yes
ac_cv_header_stdint_h=yes
ac_cv_header_stdlib_h=yes
ac_cv_header_string_h=yes
ac_cv_header_strings_h=yes
ac_cv_header_sys_ioctl_h=yes
ac_cv_header_sys_stat_h=yes
ac_cv_header_sys_types_h=yes
ac_cv_header_unistd_h=yes
ac_cv_host=x86_64-unknown-linux-gnu
ac_cv_lib_m_atan=yes
ac_cv_lib_ncurses_initscr=yes
ac_cv_lib_pthread_pthread_create=yes
ac_cv_objext=o
ac_cv_path_EGREP='/bin/grep -E'
ac_cv_path_GREP=/bin/grep
ac_cv_path_install='/usr/bin/install -c'
ac_cv_prog_AWK=gawk
ac_cv_prog_CPP='gcc -E'
ac_cv_prog_PTHREAD_CC=gcc
ac_cv_prog_ac_ct_CC=gcc
ac_cv_prog_cc_c89=
ac_cv_prog_cc_g=yes
ac_cv_prog_gcc_traditional=no
ac_cv_prog_make_make_set=yes
ac_cv_struct_tm=time.h
ac_cv_type_pid_t=yes
ac_cv_type_size_t=yes
am_cv_CC_dependencies_compiler_type=gcc3

## ----------------- ##
## Output variables. ##
## ----------------- ##

ACLOCAL='${SHELL} /home/tb/projects/mytlf/missing --run aclocal-1.9'
AMDEPBACKSLASH='\'
AMDEP_FALSE='#'
AMDEP_TRUE=''
AMTAR='${SHELL} /home/tb/projects/mytlf/missing --run tar'
AUTOCONF='${SHELL} /home/tb/projects/mytlf/missing --run autoconf'
AUTOHEADER='${SHELL} /home/tb/projects/mytlf/missing --run autoheader'
AUTOMAKE='${SHELL} /home/tb/projects/mytlf/missing --run automake-1.9'
AWK='gawk'
CC='gcc'
CCDEPMODE='depmode=gcc3'
CFLAGS='-fprofile-arcs -ftest-coverage -Wall'
CPP='gcc -E'
CPPFLAGS=''
CYGPATH_W='echo'
DEFS='-DHAVE_CONFIG_H'
DEPDIR='.deps'
ECHO_C=''
ECHO_N='-n'
ECHO_T=''
EGREP='/bin/grep -E'
EXEEXT=''
GREP='/bin/grep'
INSTALL_DATA='${INSTALL} -m 644'
INSTALL_PROGRAM='${INSTALL}'
INSTALL_SCRIPT='${INSTALL}'
INSTALL_STRIP_PROGRAM='${SHELL} $(install_sh) -c -s'
LDFLAGS=''
LIBOBJS=''
LIBS='-lncurses -lpthread -lm '
LTLIBOBJS=''
MAKEINFO='${SHELL} /home/tb/projects/mytlf/missing --run makeinfo'
OBJEXT='o'
PACKAGE='tlf'
PACKAGE_BUGREPORT='rein@couperus.com'
PACKAGE_NAME='src'
PACKAGE_STRING='src 0.9.31'
PACKAGE_TARNAME='src'
PACKAGE_VERSION='0.9.31'
PATH_SEPARATOR=':'
PTHREAD_CC='gcc'
PTHREAD_CFLAGS=''
PTHREAD_LIBS=''
SET_MAKE=''
SHELL='/bin/sh'
STRIP=''
VERSION='0.9.31'
ac_ct_CC='gcc'
am__fastdepCC_FALSE='#'
am__fastdepCC_TRUE=''
am__include='include'
am__leading_dot='.'
am__quote=''
am__tar='${AMTAR} chof - "$$tardir"'
am__untar='${AMTAR} xf -'
bindir='${exec_prefix}/bin'
build='x86_64-unknown-linux-gnu'
build_alias=''
build_cpu='x86_64'
build_os='linux-gnu'
build_vendor='unknown'
datadir='${datarootdir}'
datarootdir='${prefix}/share'
docdir='${datarootdir}/doc/${PACKAGE_TARNAME}'
dvidir='${docdir}'
exec_prefix='${prefix}'
host='x86_64-unknown-linux-gnu'
host_alias=''
host_cpu='x86_64'
host_os='linux-gnu'
host_vendor='unknown'
htmldir='${docdir}'
includedir='${prefix}/include'
infodir='${datarootdir}/info'
install_sh='/home/tb/projects/mytlf/install-sh'
libdir='${exec_prefix}/lib'
libexecdir='${exec_prefix}/libexec'
localedir='${datarootdir}/locale'
localstatedir='${prefix}/var'
mandir='${datarootdir}/man'
mkdir_p='mkdir -p --'
oldincludedir='/usr/include'
pdfdir='${docdir}'
prefix='/usr'
program_transform_name='s,x,x,'
psdir='${docdir}'
sbindir='${exec_prefix}/sbin'
sharedstatedir='${prefix}/com'
sysconfdir='${prefix}/etc'
target_alias=''

## ----------- ##
## confdefs.h. ##
## ----------- ##

#define PACKAGE_NAME "src"
#define PACKAGE_TARNAME "src"
#define PACKAGE_VERSION "0.9.31"
#define PACKAGE_STRING "src 0.9.31"
#define PACKAGE_BUGREPORT "rein@couperus.com"
#define PACKAGE "tlf"
#define VERSION "0.9.31"
#define STDC_HEADERS 1
#define HAVE_SYS_TYPES_H 1
#define HAVE_SYS_STAT_H 1
#define HAVE_STDLIB_H 1
#define HAVE_STRING_H 1
#define HAVE_MEMORY_H 1
#define HAVE_STRINGS_H 1
#define HAVE_INTTYPES_H 1
#define HAVE_STDINT_H 1
#define HAVE_UNISTD_H 1
#define HAVE_FCNTL_H 1
#define HAVE_STDLIB_H 1
#define HAVE_STRING_H 1
#define HAVE_SYS_IOCTL_H 1
#define HAVE_UNISTD_H 1
#define HAVE_LIBM 1
#define HAVE_LIBPTHREAD 1
#define HAVE_PTHREAD 1
#define HAVE_LIBNCURSES 1
#define WANT_HAMLIB 0
#define HAVE_STRFTIME 1
#define HAVE_FLOOR 1
#define HAVE_SQRT 1
#define HAVE_STRCHR 1
#define HAVE_STRCSPN 1
#define HAVE_STRSPN 1
#define HAVE_STRSTR 1
#define PACKAGE_DATA_DIR "/usr/share/tlf"

configure: exit 0
